<?xml version="1.0" encoding="UTF-8"?>
<!-- Generated by org.testng.reporters.JUnitXMLReporter -->
<testsuite hostname="v2mumpc0455" ignored="0" name="RPOST_D_29_Verify_UserCanCreateEditShareAndDeleteRule" tests="1" failures="0" timestamp="12 Jun 2017 05:38:50 GMT" time="0.0" errors="0">
  <testcase name="verify_UserCanCreateEditShareAndDeleteRule" time="0.0" classname="in.v2solutions.hybrid.testcases.RPOST_D_29_Verify_UserCanCreateEditShareAndDeleteRule">
    <skipped/>
  </testcase> <!-- verify_UserCanCreateEditShareAndDeleteRule -->
</testsuite> <!-- RPOST_D_29_Verify_UserCanCreateEditShareAndDeleteRule -->
