<?xml version="1.0" encoding="UTF-8"?>
<!-- Generated by org.testng.reporters.JUnitXMLReporter -->
<testsuite hostname="v2mumpc0455" ignored="0" name="RPOST_D_02_Verify_UserCanLoginWithValidCredentials" tests="1" failures="0" timestamp="12 Jun 2017 05:38:50 GMT" time="60.371" errors="0">
  <testcase name="verify_UserCanLoginWithValidCredentials" time="58.547" classname="in.v2solutions.hybrid.testcases.RPOST_D_02_Verify_UserCanLoginWithValidCredentials"/>
</testsuite> <!-- RPOST_D_02_Verify_UserCanLoginWithValidCredentials -->
